<?xml version="1.0" encoding="UTF-8"?>
<!-- Generated by org.testng.reporters.JUnitXMLReporter -->
<testsuite hostname="Shirlines-MacBook-Air.local" ignored="0" name="Default test" tests="2" failures="0" timestamp="2021-03-15T01:31:55 CET" time="255.759" errors="0">
  <testcase name="runScenario" time="108.678" classname="io.cucumber.testng.AbstractTestNGCucumberTests"/>
  <testcase name="runScenario" time="146.211" classname="io.cucumber.testng.AbstractTestNGCucumberTests"/>
</testsuite> <!-- Default test -->
