<?xml version="1.0" encoding="UTF-8"?>
<testng-results skipped="0" failed="0" ignored="0" total="2" passed="2">
  <reporter-output>
  </reporter-output>
  <suite name="Suite" duration-ms="246698" started-at="2021-03-15T01:38:59 CET" finished-at="2021-03-15T01:43:06 CET">
    <groups>
      <group name="cucumber">
        <method signature="AbstractTestNGCucumberTests.runScenario(io.cucumber.testng.PickleWrapper, io.cucumber.testng.FeatureWrapper)[pri:0, instance:com.KPNSf.runner.TestNgRunner@51e2adc7]" name="runScenario" class="io.cucumber.testng.AbstractTestNGCucumberTests"/>
      </group> <!-- cucumber -->
    </groups>
    <test name="Test" duration-ms="246698" started-at="2021-03-15T01:38:59 CET" finished-at="2021-03-15T01:43:06 CET">
      <class name="com.KPNSf.runner.TestNgRunner">
        <test-method status="PASS" signature="setUpClass()[pri:0, instance:com.KPNSf.runner.TestNgRunner@51e2adc7]" name="setUpClass" is-config="true" duration-ms="681" started-at="2021-03-15T01:38:59 CET" finished-at="2021-03-15T01:39:00 CET">
          <reporter-output>
          </reporter-output>
        </test-method> <!-- setUpClass -->
        <test-method status="PASS" signature="runScenario(io.cucumber.testng.PickleWrapper, io.cucumber.testng.FeatureWrapper)[pri:0, instance:com.KPNSf.runner.TestNgRunner@51e2adc7]" name="runScenario" duration-ms="96051" started-at="2021-03-15T01:39:00 CET" description="Runs Cucumber Scenarios" data-provider="scenarios" finished-at="2021-03-15T01:40:36 CET">
          <params>
            <param index="0">
              <value>
                <![CDATA["Renew a contract in salesforce successfully"]]>
              </value>
            </param>
            <param index="1">
              <value>
                <![CDATA["Optional[An user tries to renew conract in salesforce]"]]>
              </value>
            </param>
          </params>
          <reporter-output>
          </reporter-output>
        </test-method> <!-- runScenario -->
        <test-method status="PASS" signature="runScenario(io.cucumber.testng.PickleWrapper, io.cucumber.testng.FeatureWrapper)[pri:0, instance:com.KPNSf.runner.TestNgRunner@51e2adc7]" name="runScenario" duration-ms="149850" started-at="2021-03-15T01:40:36 CET" description="Runs Cucumber Scenarios" data-provider="scenarios" finished-at="2021-03-15T01:43:06 CET">
          <params>
            <param index="0">
              <value>
                <![CDATA["Renew a contract in salesforce unsuccessfully with an error message"]]>
              </value>
            </param>
            <param index="1">
              <value>
                <![CDATA["Optional[An user tries to renew conract in salesforce]"]]>
              </value>
            </param>
          </params>
          <reporter-output>
          </reporter-output>
        </test-method> <!-- runScenario -->
        <test-method status="PASS" signature="tearDownClass()[pri:0, instance:com.KPNSf.runner.TestNgRunner@51e2adc7]" name="tearDownClass" is-config="true" duration-ms="40" started-at="2021-03-15T01:43:06 CET" finished-at="2021-03-15T01:43:06 CET">
          <reporter-output>
          </reporter-output>
        </test-method> <!-- tearDownClass -->
      </class> <!-- com.KPNSf.runner.TestNgRunner -->
    </test> <!-- Test -->
  </suite> <!-- Suite -->
</testng-results>
